<?xml version='1.0' encoding='UTF-8'?>
<testsuite hostname="lmoquiuti" name="CalculadoraTest" tests="4" errors="0" failures="0" skipped="0" time="0.024" timestamp="2022-04-11T15:13:03">
          <properties>
      <property name="java.specification.version" value="14"/><property name="sun.cpu.isalist" value="amd64"/><property name="sun.jnu.encoding" value="Cp1252"/><property name="sun.arch.data.model" value="64"/><property name="sbt.supershell" value="false"/><property name="java.vendor.url" value="https://java.oracle.com/"/><property name="sun.boot.library.path" value="C:\Program Files\Java\jdk-14\bin"/><property name="sun.java.command" value="C:\Users\lenovo\AppData\Roaming\JetBrains\IntelliJIdea2021.3\plugins\Scala\launcher\sbt-launch.jar early(addPluginSbtFile=&quot;&quot;&quot;C:\Users\lenovo\AppData\Local\Temp\idea1.sbt&quot;&quot;&quot;) ; set ideaPort in Global := 58918 ; idea-shell"/><property name="jdk.debug" value="release"/><property name="sun.stderr.encoding" value="cp850"/><property name="java.specification.vendor" value="Oracle Corporation"/><property name="java.version.date" value="2020-03-17"/><property name="java.home" value="C:\Program Files\Java\jdk-14"/><property name="file.separator" value="\"/><property name="java.vm.compressedOopsMode" value="32-bit"/><property name="line.separator" value="
"/><property name="sun.stdout.encoding" value="cp850"/><property name="java.vm.specification.vendor" value="Oracle Corporation"/><property name="java.specification.name" value="Java Platform API Specification"/><property name="idea.installation.dir" value="C:\Program Files\JetBrains\IntelliJ IDEA 2019.1.3"/><property name="user.script" value=""/><property name="sun.management.compiler" value="HotSpot 64-Bit Tiered Compilers"/><property name="java.runtime.version" value="14+36-1461"/><property name="user.name" value="moquiuti"/><property name="log4j.ignoreTCL" value="true"/><property name="file.encoding" value="UTF-8"/><property name="jnidispatch.path" value="C:\Users\lenovo\AppData\Local\Temp\jna--232150809\jna1883466154590629375.dll"/><property name="jna.loaded" value="true"/><property name="java.io.tmpdir" value="C:\Users\lenovo\AppData\Local\Temp\"/><property name="java.version" value="14"/><property name="java.vm.specification.name" value="Java Virtual Machine Specification"/><property name="sun.os.patch.level" value=""/><property name="java.library.path" value="C:\Program Files\Java\jdk-14\bin;C:\WINDOWS\Sun\Java\bin;C:\WINDOWS\system32;C:\WINDOWS;C:\Program Files (x86)\Common Files\Oracle\Java\javapath;C:\ProgramData\Oracle\Java\javapath;C:\WINDOWS\system32;C:\WINDOWS;C:\WINDOWS\System32\Wbem;C:\WINDOWS\System32\WindowsPowerShell\v1.0\;C:\WINDOWS\System32\OpenSSH\;C:\Program Files\Intel\WiFi\bin\;C:\Program Files\Common Files\Intel\WirelessCommon\;C:\Program Files\Java\jdk-14\bin;C:\Program Files\Docker\Docker\resources\bin;C:\ProgramData\DockerDesktop\version-bin;C:\Program Files\nodejs\;C:\Program Files\TortoiseSVN\bin;C:\Program Files (x86)\Subversion\bin;C:\Program Files\Git\cmd;C:\Program Files (x86)\sbt\bin;C:\Users\lenovo\AppData\Local\Microsoft\WindowsApps;C:\maven\bin;C:\Users\lenovo\AppData\Roaming\npm;C:\Users\lenovo\AppData\Local\atom\bin;C:\Program Files\MySQL\MySQL Server 8.0\bin;C:\Program Files\MongoDB\Server\4.4\bin;C:\Users\lenovo\AppData\Local\Microsoft\WindowsApps;C:\Users\lenovo\AppData\Local\gitkraken\bin;."/><property name="java.vendor" value="Oracle Corporation"/><property name="sun.io.unicode.encoding" value="UnicodeLittle"/><property name="java.class.path" value="C:\Users\lenovo\AppData\Roaming\JetBrains\IntelliJIdea2021.3\plugins\Scala\launcher\sbt-launch.jar"/><property name="java.vm.vendor" value="Oracle Corporation"/><property name="user.variant" value=""/><property name="jline.shutdownhook" value="false"/><property name="user.timezone" value="America/Cuiaba"/><property name="java.vm.specification.version" value="14"/><property name="os.name" value="Windows 10"/><property name="sun.java.launcher" value="SUN_STANDARD"/><property name="user.country" value="BR"/><property name="sun.cpu.endian" value="little"/><property name="user.home" value="C:\Users\lenovo"/><property name="user.language" value="pt"/><property name="swoval.tmpdir" value="C:\Users\lenovo\.sbt\1.0"/><property name="jline.esc.timeout" value="0"/><property name="path.separator" value=";"/><property name="os.version" value="10.0"/><property name="jna.nosys" value="true"/><property name="java.runtime.name" value="Java(TM) SE Runtime Environment"/><property name="sbt.log.noformat" value="true"/><property name="java.vm.name" value="Java HotSpot(TM) 64-Bit Server VM"/><property name="java.vendor.url.bug" value="https://bugreport.java.com/bugreport/"/><property name="user.dir" value="C:\teste-sbt\test-sbt"/><property name="os.arch" value="amd64"/><property name="idea.managed" value="true"/><property name="java.vm.info" value="mixed mode, sharing"/><property name="java.vm.version" value="14+36-1461"/><property name="java.class.version" value="58.0"/>
    </properties>
          <testcase classname="CalculadoraTest" name="Test Soma" time="0.023">
                      
                    </testcase><testcase classname="CalculadoraTest" name="Test Subtração" time="0.0">
                      
                    </testcase><testcase classname="CalculadoraTest" name="Test Multiplicação" time="0.0">
                      
                    </testcase><testcase classname="CalculadoraTest" name="Test Divisão" time="0.001">
                      
                    </testcase>
          <system-out><![CDATA[]]></system-out>
          <system-err><![CDATA[]]></system-err>
        </testsuite>